TN:
SF:src\routeTree.gen.ts
FN:17,(anonymous_0)
FNF:1
FNH:0
FNDA:0,(anonymous_0)
DA:14,0
DA:17,0
DA:54,0
DA:57,0
LF:4
LH:0
BRF:0
BRH:0
end_of_record
TN:
SF:src\router.tsx
FN:6,getRouter
FNF:1
FNH:0
FNDA:0,getRouter
DA:7,0
LF:1
LH:0
BRF:0
BRH:0
end_of_record
TN:
SF:src\routes\__root.tsx
FN:19,(anonymous_0)
FN:37,RootComponent
FN:48,RootDocument
FN:62,RootErrorComponent
FNF:4
FNH:0
FNDA:0,(anonymous_0)
FNDA:0,RootComponent
FNDA:0,RootDocument
FNDA:0,RootErrorComponent
DA:12,0
DA:18,0
DA:19,0
LF:3
LH:0
BRF:0
BRH:0
end_of_record
TN:
SF:src\routes\index.tsx
FN:7,App
FNF:1
FNH:0
FNDA:0,App
DA:3,0
LF:1
LH:0
BRF:0
BRH:0
end_of_record
